<?xml version="1.0" encoding="UTF-8"?>
<!-- Generated by org.testng.reporters.JUnitXMLReporter -->
<testsuite ignored="0" hostname="Tikas-MacBook-Air.local" failures="1" tests="4" name="Test" time="31.654" errors="0" timestamp="2024-04-30T18:18:22 PDT">
  <testcase classname="org.org_name.prj_name.automation.HandleWindows" name="tc_001_manage_windowhandles" time="0.021">
    <failure type="java.lang.IllegalArgumentException" message="Driver must be set">
      <![CDATA[java.lang.IllegalArgumentException: Driver must be set
at org.openqa.selenium.internal.Require.nonNull(Require.java:60)
at org.openqa.selenium.interactions.Actions.<init>(Actions.java:59)
at org.org_name.prj_name.automation.HandleWindows.tc_001_manage_windowhandles(HandleWindows.java:30)
at java.base/java.util.ArrayList.forEach(ArrayList.java:1596)
... Removed 25 stack frames]]>
    </failure>
  </testcase> <!-- tc_001_manage_windowhandles -->
  <testcase classname="org.org_name.prj_name.automation.Main_Class" name="First_Method" time="7.646"/>
  <testcase classname="org.org_name.prj_name.automation.Main_Class" name="First_Method" time="7.398"/>
  <testcase classname="org.org_name.prj_name.automation.TS_001_LoginPage" name="loginpage" time="16.516"/>
</testsuite> <!-- Test -->
