<?xml version="1.0" encoding="UTF-8"?>
<testng-results ignored="0" total="1" passed="1" failed="0" skipped="0">
  <reporter-output>
  </reporter-output>
  <suite started-at="2024-05-01T18:01:54 PDT" name="Default suite" finished-at="2024-05-01T18:02:26 PDT" duration-ms="32364">
    <groups>
    </groups>
    <test started-at="2024-05-01T18:01:54 PDT" name="Default test" finished-at="2024-05-01T18:02:26 PDT" duration-ms="32364">
      <class name="org.org_name.prj_name.automation.TS_001_LoginPage">
        <test-method signature="loginpage()[pri:0, instance:org.org_name.prj_name.automation.TS_001_LoginPage@1677d1]" started-at="2024-05-01T18:01:54 PDT" name="loginpage" finished-at="2024-05-01T18:02:26 PDT" duration-ms="32319" status="PASS">
          <reporter-output>
          </reporter-output>
        </test-method> <!-- loginpage -->
      </class> <!-- org.org_name.prj_name.automation.TS_001_LoginPage -->
    </test> <!-- Default test -->
  </suite> <!-- Default suite -->
</testng-results>
